[2025-11-26 11:51:56.455] [INFO] Application starting...
[2025-11-26 11:51:57.475] [INFO] Available ports refreshed
[2025-11-26 11:53:14.166] [INFO] Application starting...
[2025-11-26 11:53:15.084] [INFO] Available ports refreshed
[2025-11-26 11:54:53.293] [ERROR] MQTT connection failed: Not authorized to connect
[2025-11-26 11:55:19.893] [INFO] Application stopped
[2025-11-26 11:55:48.825] [INFO] Application starting...
[2025-11-26 11:55:49.858] [INFO] Available ports refreshed
[2025-11-26 11:59:35.648] [ERROR] MQTT connection failed: Not authorized to connect
[2025-11-26 12:02:48.929] [INFO] Connected to MQTT broker: tcp://localhost:1883
[2025-11-26 12:07:44.658] [INFO] Disconnected from MQTT broker
[2025-11-26 12:14:05.474] [INFO] Application stopped
[2025-11-26 12:14:21.195] [INFO] Application starting...
[2025-11-26 12:14:21.959] [INFO] Available ports refreshed
[2025-11-26 12:39:28.644] [INFO] Application starting...
[2025-11-26 12:39:29.755] [INFO] Available ports refreshed
[2025-11-26 12:43:28.719] [INFO] Application starting...
[2025-11-26 12:43:29.536] [INFO] Available ports refreshed
[2025-11-26 12:44:58.852] [INFO] Connected to MQTT broker: tcp://localhost:1883
[2025-11-26 12:57:48.760] [INFO] Available ports refreshed
[2025-11-26 12:58:02.775] [INFO] Disconnected from MQTT broker
[2025-11-26 12:58:22.143] [INFO] Connected to MQTT broker: tcp://localhost:1883
[2025-11-26 13:03:24.944] [INFO] Disconnected from MQTT broker
[2025-11-26 13:03:31.042] [INFO] Connected to MQTT broker: tcp://localhost:1883
[2025-11-26 14:08:09.690] [INFO] Disconnected from MQTT broker
[2025-11-26 14:10:41.882] [INFO] Application starting...
[2025-11-26 14:10:42.311] [INFO] Available ports refreshed
[2025-11-26 14:11:24.583] [INFO] Connected to MQTT broker: tcp://localhost:1883
[2025-11-26 14:14:59.982] [INFO] Available ports refreshed
[2025-11-26 14:15:05.814] [ERROR] Failed to start serial monitoring: Failed to open port: COM9
[2025-11-26 14:15:35.884] [INFO] Serial monitoring started on port: COM9
[2025-11-26 14:15:51.971] [DEBUG] Published to MQTT: {"timestamp":"2025-11-26 14:15:51","weight":"Date:   25.11.26"}
[2025-11-26 14:15:51.985] [DEBUG] Published to MQTT: {"timestamp":"2025-11-26 14:15:51","weight":"Time:   19:47:29"}
[2025-11-26 14:15:51.994] [DEBUG] Published to MQTT: {"timestamp":"2025-11-26 14:15:51","weight":"Gross      0.0kg"}
[2025-11-26 14:16:44.898] [DEBUG] Published to MQTT: {"timestamp":"2025-11-26 14:16:44","weight":"Date:   25.11.26"}
[2025-11-26 14:16:44.917] [DEBUG] Published to MQTT: {"timestamp":"2025-11-26 14:16:44","weight":"Time:   19:48:22"}
[2025-11-26 14:16:44.936] [DEBUG] Published to MQTT: {"timestamp":"2025-11-26 14:16:44","weight":"Gross     72.0kg"}
[2025-11-26 14:30:17.776] [INFO] Serial monitoring stopped. Total messages: 6
[2025-11-26 14:48:35.176] [INFO] Disconnected from MQTT broker
[2025-11-26 14:48:46.910] [INFO] Application stopped
[2025-11-26 14:49:54.552] [INFO] Application starting...
[2025-11-26 14:49:55.276] [INFO] Available ports refreshed
[2025-11-26 14:49:59.539] [INFO] Application stopped
[2025-11-26 15:33:49.240] [INFO] Application starting...
[2025-11-26 15:33:49.691] [INFO] Available ports refreshed
[2025-11-26 15:33:55.787] [INFO] Application stopped
[2025-11-26 16:06:56.602] [INFO] Application starting...
[2025-11-26 16:06:57.008] [INFO] Available ports refreshed
[2025-11-26 16:07:00.647] [INFO] Application stopped
[2025-11-26 16:07:08.241] [INFO] Application starting...
[2025-11-26 16:32:02.029] [INFO] Application starting...
[2025-11-26 16:32:02.632] [INFO] Available ports refreshed
[2025-11-26 16:32:09.008] [INFO] Application stopped
[2025-11-26 16:44:59.916] [INFO] Application starting...
[2025-11-26 16:45:00.691] [INFO] Available ports refreshed
[2025-11-26 16:45:04.221] [INFO] Application stopped
[2025-11-26 16:59:38.141] [INFO] Application starting...
[2025-11-26 16:59:38.617] [INFO] Available ports refreshed
[2025-11-26 16:59:42.871] [INFO] Application stopped
